<?xml version="1.0" encoding="utf-8"?><testsuites name="pytest tests"><testsuite name="pytest" errors="0" failures="0" skipped="1" tests="49" time="0.304" timestamp="2026-08-01T00:07:54.264217-07:00" hostname="Tyler"><testcase classname="tests.test_calibrate.TestCalibrate" name="test_run_calibration_writes_scales_manifest_and_reports" time="0.047" /><testcase classname="tests.test_cosim_parity.TestCosimParity" name="test_matching_trace_has_no_mismatches" time="0.002" /><testcase classname="tests.test_cosim_parity.TestCosimParity" name="test_mismatch_reports_row_and_signal" time="0.002" /><testcase classname="tests.test_decision_gate.TestDecisionGate" name="test_report_marks_missing_hls_evidence_as_blocked" time="0.013" /><testcase classname="tests.test_decision_gate.TestDecisionGate" name="test_write_decision_gate_report" time="0.020" /><testcase classname="tests.test_gdn_fp32.TestGdnFp32" name="test_against_independent_numpy_reference" time="0.048" /><testcase classname="tests.test_gdn_fp32.TestGdnFp32" name="test_delta_rule_perfect_recall" time="0.001" /><testcase classname="tests.test_gdn_fp32.TestGdnFp32" name="test_gate_disabled" time="0.001" /><testcase classname="tests.test_gdn_fp32.TestGdnFp32" name="test_recurrence_fixed_point" time="0.000" /><testcase classname="tests.test_gdn_int4.TestGdnInt4" name="test_int4_decode_step_shapes_and_error_budget" time="0.001" /><testcase classname="tests.test_gdn_int4.TestGdnInt4" name="test_symmetric_int4_roundtrip_bounds" time="0.000" /><testcase classname="tests.test_gdn_mxfp4.TestGdnMxfp4" name="test_block_quantization_is_deterministic" time="0.001" /><testcase classname="tests.test_gdn_mxfp4.TestGdnMxfp4" name="test_mxfp4_vs_fp32_synthetic" time="0.001" /><testcase classname="tests.test_gdn_mxfp4.TestGdnMxfp4" name="test_mxfp8_state_path_runs" time="0.001" /><testcase classname="tests.test_hls_sources.TestHlsSources" name="test_block_exp_align_has_int24_saturation_and_ii1_loop" time="0.001" /><testcase classname="tests.test_hls_sources.TestHlsSources" name="test_cosim_defaults_to_phase5_token_count" time="0.001" /><testcase classname="tests.test_hls_sources.TestHlsSources" name="test_mac_is_integer_lut_based" time="0.000" /><testcase classname="tests.test_hls_sources.TestHlsSources" name="test_no_phase3_placeholder_markers" time="0.003" /><testcase classname="tests.test_hls_sources.TestHlsSources" name="test_required_phase3_files_exist" time="0.001" /><testcase classname="tests.test_hls_sources.TestHlsSources" name="test_tcl_targets_u55c_250mhz" time="0.000" /><testcase classname="tests.test_hls_sources.TestHlsSources" name="test_top_uses_persistent_partitioned_state" time="0.000" /><testcase classname="tests.test_mx_format.TestMxFormat" name="test_e2m1_known_values" time="0.000" /><testcase classname="tests.test_mx_format.TestMxFormat" name="test_e2m1_round_to_nearest_even" time="0.002" /><testcase classname="tests.test_mx_format.TestMxFormat" name="test_e4m3_representable_values_roundtrip" time="0.000" /><testcase classname="tests.test_mx_format.TestMxFormat" name="test_e8m0_scale_roundtrip" time="0.000" /><testcase classname="tests.test_mx_format.TestMxFormat" name="test_mxfp4_block_size_16_and_32" time="0.001" /><testcase classname="tests.test_mx_format.TestMxFormat" name="test_mxfp4_zero_blocks_are_stable" time="0.001" /><testcase classname="tests.test_mx_format.TestMxFormat" name="test_mxfp8_is_more_precise_than_mxfp4_on_state_like_values" time="0.001" /><testcase classname="tests.test_paper_provenance.TestPaperProvenance" name="test_every_number_has_provenance" time="0.002" /><testcase classname="tests.test_paper_provenance.TestPaperProvenance" name="test_extended_synthetic_metrics_are_canonical" time="0.001" /><testcase classname="tests.test_paper_provenance.TestPaperProvenance" name="test_generated_phase6_artifacts_exist" time="0.001" /><testcase classname="tests.test_paper_provenance.TestPaperProvenance" name="test_ieee_tables_match_current_numbers" time="0.001" /><testcase classname="tests.test_paper_provenance.TestPaperProvenance" name="test_phase6_sweep_rows_have_cosim_and_post_impl_evidence" time="0.001" /><testcase classname="tests.test_paper_provenance.TestPaperProvenance" name="test_phase7_pack_contains_sweep_evidence_when_present" time="0.034"><skipped type="pytest.skip" message="Phase 7 pack has not been generated for bdd90bae3fdbeb6cb11e3a6538dc9bef72e26bfe">C:\Users\tyboy\OneDrive\Documents\mxfp4 improve\FPT26_data_review\tests\test_paper_provenance.py:140: Phase 7 pack has not been generated for bdd90bae3fdbeb6cb11e3a6538dc9bef72e26bfe</skipped></testcase><testcase classname="tests.test_paper_provenance.TestPaperProvenance" name="test_snippet_macros_have_backing_numbers_when_present" time="0.001" /><testcase classname="tests.test_reports.TestReports" name="test_current_hls_cosim_report_passes_when_present" time="0.001" /><testcase classname="tests.test_reports.TestReports" name="test_current_vivado_reports_meet_phase5_thresholds_when_present" time="0.002" /><testcase classname="tests.test_reports.TestReports" name="test_parse_hls_cosim_report" time="0.000" /><testcase classname="tests.test_reports.TestReports" name="test_parse_hls_latency_rb" time="0.000" /><testcase classname="tests.test_reports.TestReports" name="test_parse_one_transaction_hls_cosim_report" time="0.000" /><testcase classname="tests.test_reports.TestReports" name="test_parse_timing_wns" time="0.000" /><testcase classname="tests.test_reports.TestReports" name="test_parse_total_power" time="0.000" /><testcase classname="tests.test_reports.TestReports" name="test_parse_utilization_percentages" time="0.000" /><testcase classname="tests.test_reports.TestReports" name="test_parse_vivado_pipe_power" time="0.000" /><testcase classname="tests.test_reports.TestReports" name="test_parse_vivado_pipe_utilization" time="0.000" /><testcase classname="tests.test_reports.TestReports" name="test_parse_vivado_timing_worst_slack" time="0.000" /><testcase classname="tests.test_vectors.TestVectors" name="test_generated_outputs_match_golden" time="0.001" /><testcase classname="tests.test_vectors.TestVectors" name="test_synthetic_vectors_are_deterministic" time="0.001" /><testcase classname="tests.test_vectors.TestVectors" name="test_vector_round_trip_and_manifest" time="0.004" /></testsuite></testsuites>