<?xml version="1.0" encoding="utf-8"?><testsuites name="pytest tests"><testsuite name="pytest" errors="0" failures="0" skipped="0" tests="12" time="0.324" timestamp="2026-08-01T14:46:41.305280-07:00" hostname="Tyler"><testcase classname="tests.test_gdn_resident_state.TestResidentStateOracle" name="test_block_size_mismatch_is_a_shape_error" time="0.001" /><testcase classname="tests.test_gdn_resident_state.TestResidentStateOracle" name="test_invalid_command_and_payload_rules_are_counted" time="0.001" /><testcase classname="tests.test_gdn_resident_state.TestResidentStateOracle" name="test_invalid_load_is_atomic_and_counted" time="0.010" /><testcase classname="tests.test_gdn_resident_state.TestResidentStateOracle" name="test_invalid_selectors_do_not_create_cumulative_slot_state" time="0.001" /><testcase classname="tests.test_gdn_resident_state.TestResidentStateOracle" name="test_invalid_step_preserves_state_and_generation" time="0.001" /><testcase classname="tests.test_gdn_resident_state.TestResidentStateOracle" name="test_load_copies_input_and_readback_returns_copy" time="0.001" /><testcase classname="tests.test_gdn_resident_state.TestResidentStateOracle" name="test_reset_is_canonical_and_idempotent" time="0.001" /><testcase classname="tests.test_gdn_resident_state.TestResidentStateOracle" name="test_reset_starts_a_new_generation_epoch" time="0.002" /><testcase classname="tests.test_gdn_resident_state.TestResidentStateOracle" name="test_sequence_and_layer_slots_do_not_alias" time="0.001" /><testcase classname="tests.test_gdn_resident_state.TestResidentStateOracle" name="test_shape_mismatch_is_distinct_and_atomic" time="0.001" /><testcase classname="tests.test_gdn_resident_state.TestResidentStateOracle" name="test_step_and_readback_before_initialization_are_rejected" time="0.001" /><testcase classname="tests.test_gdn_resident_state.TestResidentStateOracle" name="test_step_matches_encoded_oracle_and_commits_once" time="0.002" /></testsuite></testsuites>