<?xml version="1.0" encoding="utf-8"?><testsuites name="pytest tests"><testsuite name="pytest" errors="1" failures="0" skipped="0" tests="1" time="0.930" timestamp="2026-08-01T14:42:20.652100-07:00" hostname="Tyler"><testcase classname="" name="tests.test_plot_long_sequence_stability" time="0.000"><error message="collection failure">ImportError while importing test module '/mnt/c/Users/tyboy/OneDrive/Documents/mxfp4 improve/FPT26_data_review/tests/test_plot_long_sequence_stability.py'.
Hint: make sure your test modules/packages have valid Python names.
Traceback:
/usr/lib/python3.12/importlib/__init__.py:90: in import_module
    return _bootstrap._gcd_import(name[level:], package, level)
           ^^^^^^^^^^^^^^^^^^^^^^^^^^^^^^^^^^^^^^^^^^^^^^^^^^^^
tests/test_plot_long_sequence_stability.py:9: in &lt;module&gt;
    from scripts.plot_long_sequence_stability import generate_plots
scripts/plot_long_sequence_stability.py:14: in &lt;module&gt;
    from reportlab.pdfbase.pdfmetrics import stringWidth
E   ModuleNotFoundError: No module named 'reportlab'</error></testcase></testsuite></testsuites>