<?xml version="1.0" encoding="utf-8"?><testsuites name="pytest tests"><testsuite name="pytest" errors="0" failures="0" skipped="2" tests="138" time="0.879" timestamp="2026-08-01T18:15:05.662457-07:00" hostname="Tyler"><testcase classname="tests.test_calibrate.TestCalibrate" name="test_run_calibration_writes_scales_manifest_and_reports" time="0.032" /><testcase classname="tests.test_corrected_cosim_report" name="test_parse_progress_uses_last_completed_transaction" time="0.000" /><testcase classname="tests.test_corrected_cosim_report" name="test_parse_c_tb_and_elapsed_time" time="0.000" /><testcase classname="tests.test_corrected_hls_report" name="test_parse_loop_results_separates_targeted_and_transport_loops" time="0.000" /><testcase classname="tests.test_cosim_parity.TestCosimParity" name="test_matching_trace_has_no_mismatches" time="0.002" /><testcase classname="tests.test_cosim_parity.TestCosimParity" name="test_mismatch_reports_row_and_signal" time="0.002" /><testcase classname="tests.test_decision_gate.TestDecisionGate" name="test_report_marks_missing_hls_evidence_as_blocked" time="0.008" /><testcase classname="tests.test_decision_gate.TestDecisionGate" name="test_write_decision_gate_report" time="0.015" /><testcase classname="tests.test_final_completion_gate" name="test_current_final_gate_blocks_pdf_release" time="0.000" /><testcase classname="tests.test_final_completion_gate" name="test_all_pass_is_the_only_ready_state" time="0.000" /><testcase classname="tests.test_final_completion_gate" name="test_invalid_status_is_rejected" time="0.000" /><testcase classname="tests.test_gdn_fp32.TestGdnFp32" name="test_alpha_zero_erases_state_before_prediction" time="0.027" /><testcase classname="tests.test_gdn_fp32.TestGdnFp32" name="test_contiguous_sequence_matches_separate_invocations" time="0.002" /><testcase classname="tests.test_gdn_fp32.TestGdnFp32" name="test_core_boundary_matches_internal_normalization" time="0.001" /><testcase classname="tests.test_gdn_fp32.TestGdnFp32" name="test_gate_derivation_matches_fp64_and_stays_bounded" time="0.001" /><testcase classname="tests.test_gdn_fp32.TestGdnFp32" name="test_invalid_shapes_bounds_and_nonfinite_inputs_are_rejected" time="0.001" /><testcase classname="tests.test_gdn_fp32.TestGdnFp32" name="test_paired_qk_head_mapping" time="0.000" /><testcase classname="tests.test_gdn_fp32.TestGdnFp32" name="test_prediction_uses_decayed_state_and_output_uses_updated_state" time="0.001" /><testcase classname="tests.test_gdn_fp32.TestGdnFp32" name="test_random_non_square_state_matches_independent_fp64" time="0.001" /><testcase classname="tests.test_gdn_fp32.TestGdnFp32" name="test_state_orientation_round_trip" time="0.000" /><testcase classname="tests.test_gdn_int4.TestGdnInt4" name="test_int4_decode_step_shapes_and_error_budget" time="0.001" /><testcase classname="tests.test_gdn_int4.TestGdnInt4" name="test_symmetric_int4_roundtrip_bounds" time="0.000" /><testcase classname="tests.test_gdn_mxfp4.TestGdnMxfp4" name="test_block_quantization_is_deterministic" time="0.001" /><testcase classname="tests.test_gdn_mxfp4.TestGdnMxfp4" name="test_mxfp4_vs_fp32_synthetic" time="0.001" /><testcase classname="tests.test_gdn_mxfp4.TestGdnMxfp4" name="test_mxfp8_state_path_runs" time="0.001" /><testcase classname="tests.test_gdn_mxfp4_encoded.TestGdnMxfp4Encoded" name="test_changing_state_scale_is_counted_and_deterministic" time="0.002" /><testcase classname="tests.test_gdn_mxfp4_encoded.TestGdnMxfp4Encoded" name="test_exact_zero_state_write_matches_fp32_core" time="0.002" /><testcase classname="tests.test_gdn_mxfp4_encoded.TestGdnMxfp4Encoded" name="test_exhaustive_valid_e2m1_pairs_are_exact" time="0.077" /><testcase classname="tests.test_gdn_mxfp4_encoded.TestGdnMxfp4Encoded" name="test_invalid_scale_and_noncanonical_zero_are_rejected" time="0.001" /><testcase classname="tests.test_gdn_mxfp4_encoded.TestGdnMxfp4Encoded" name="test_large_exponent_gap_records_alignment_underflow" time="0.001" /><testcase classname="tests.test_gdn_mxfp4_encoded.TestGdnMxfp4Encoded" name="test_output_reads_updated_state_before_requantization" time="0.001" /><testcase classname="tests.test_gdn_mxfp4_encoded.TestGdnMxfp4Encoded" name="test_paired_heads_keep_independent_state_and_gates" time="0.001" /><testcase classname="tests.test_gdn_mxfp4_encoded.TestGdnMxfp4Encoded" name="test_q1_15_endpoints_and_ties_to_even" time="0.000" /><testcase classname="tests.test_gdn_mxfp4_encoded.TestGdnMxfp4Encoded" name="test_signed_round_shift_rne_exhaustive" time="0.002" /><testcase classname="tests.test_gdn_mxfp4_encoded.TestGdnMxfp4Encoded" name="test_token_and_state_block_sizes_must_match" time="0.001" /><testcase classname="tests.test_gdn_oracle_fp64.TestGdnOracleFp64" name="test_affine_scan_matches_scalar_recurrence" time="0.002" /><testcase classname="tests.test_gdn_oracle_fp64.TestGdnOracleFp64" name="test_alpha_zero_removes_all_previous_state_influence" time="0.001" /><testcase classname="tests.test_gdn_oracle_fp64.TestGdnOracleFp64" name="test_beta_zero_performs_pure_decay" time="0.000" /><testcase classname="tests.test_gdn_oracle_fp64.TestGdnOracleFp64" name="test_gate_derivation_has_known_center_and_stable_extremes" time="0.000" /><testcase classname="tests.test_gdn_oracle_fp64.TestGdnOracleFp64" name="test_invalid_head_ratio_and_gate_range_are_rejected" time="0.000" /><testcase classname="tests.test_gdn_oracle_fp64.TestGdnOracleFp64" name="test_non_square_orientation_and_round_trip" time="0.000" /><testcase classname="tests.test_gdn_oracle_fp64.TestGdnOracleFp64" name="test_paired_heads_share_qk_but_not_value_state_or_gates" time="0.000" /><testcase classname="tests.test_gdn_oracle_fp64.TestGdnOracleFp64" name="test_zero_state_unit_write_has_hand_derived_result" time="0.000" /><testcase classname="tests.test_gdn_resident_state.TestResidentStateOracle" name="test_block_size_mismatch_is_a_shape_error" time="0.001" /><testcase classname="tests.test_gdn_resident_state.TestResidentStateOracle" name="test_invalid_command_and_payload_rules_are_counted" time="0.001" /><testcase classname="tests.test_gdn_resident_state.TestResidentStateOracle" name="test_invalid_load_is_atomic_and_counted" time="0.001" /><testcase classname="tests.test_gdn_resident_state.TestResidentStateOracle" name="test_invalid_selectors_do_not_create_cumulative_slot_state" time="0.001" /><testcase classname="tests.test_gdn_resident_state.TestResidentStateOracle" name="test_invalid_step_preserves_state_and_generation" time="0.001" /><testcase classname="tests.test_gdn_resident_state.TestResidentStateOracle" name="test_load_copies_input_and_readback_returns_copy" time="0.001" /><testcase classname="tests.test_gdn_resident_state.TestResidentStateOracle" name="test_reset_is_canonical_and_idempotent" time="0.001" /><testcase classname="tests.test_gdn_resident_state.TestResidentStateOracle" name="test_reset_starts_a_new_generation_epoch" time="0.002" /><testcase classname="tests.test_gdn_resident_state.TestResidentStateOracle" name="test_sequence_and_layer_slots_do_not_alias" time="0.001" /><testcase classname="tests.test_gdn_resident_state.TestResidentStateOracle" name="test_shape_mismatch_is_distinct_and_atomic" time="0.001" /><testcase classname="tests.test_gdn_resident_state.TestResidentStateOracle" name="test_step_and_readback_before_initialization_are_rejected" time="0.001" /><testcase classname="tests.test_gdn_resident_state.TestResidentStateOracle" name="test_step_matches_encoded_oracle_and_commits_once" time="0.002" /><testcase classname="tests.test_gdn_write_log.TestLazyWriteLogGDN" name="test_bf16_roundtrip_uses_ties_to_even" time="0.000" /><testcase classname="tests.test_gdn_write_log.TestLazyWriteLogGDN" name="test_decay_threshold_fold_is_bounded_and_no_drop" time="0.001" /><testcase classname="tests.test_gdn_write_log.TestLazyWriteLogGDN" name="test_exact_core_matches_direct_recurrence_across_folds" time="0.005" /><testcase classname="tests.test_gdn_write_log.TestLazyWriteLogGDN" name="test_exact_raw_step_matches_independent_fp64_oracle" time="0.002" /><testcase classname="tests.test_gdn_write_log.TestLazyWriteLogGDN" name="test_paired_keys_and_full_log_never_drop_writes" time="0.001" /><testcase classname="tests.test_gdn_write_log.TestLazyWriteLogGDN" name="test_pure_decay_does_not_requantize_base_every_token" time="0.001" /><testcase classname="tests.test_gdn_write_log.TestLazyWriteLogGDN" name="test_quantized_coefficient_underflow_rebases_atomically" time="0.009" /><testcase classname="tests.test_gdn_write_log.TestLazyWriteLogGDN" name="test_quantized_execution_is_deterministic" time="0.013" /><testcase classname="tests.test_gdn_write_log.TestLazyWriteLogGDN" name="test_rank_one_write_uses_official_positive_sign" time="0.001" /><testcase classname="tests.test_gdn_write_log.TestLazyWriteLogGDN" name="test_second_mxfp4_residual_term_reduces_roundtrip_error" time="0.001" /><testcase classname="tests.test_gdn_write_log.TestLazyWriteLogGDN" name="test_sparse_second_term_has_intermediate_error" time="0.001" /><testcase classname="tests.test_hls_command_trace.TestHlsCommandTrace" name="test_frozen_trace_structure_hashes_and_summary" time="0.006" /><testcase classname="tests.test_hls_sources.TestHlsSources" name="test_alignment_contract_has_rne_int32_saturation_and_ii1" time="0.001" /><testcase classname="tests.test_hls_sources.TestHlsSources" name="test_corrected_dimensions_commands_and_gates_are_frozen" time="0.001" /><testcase classname="tests.test_hls_sources.TestHlsSources" name="test_cosim_defaults_to_64_commands" time="0.000" /><testcase classname="tests.test_hls_sources.TestHlsSources" name="test_mac_is_integer_lut_and_shift_add_based" time="0.000" /><testcase classname="tests.test_hls_sources.TestHlsSources" name="test_no_phase3_placeholder_markers" time="0.003" /><testcase classname="tests.test_hls_sources.TestHlsSources" name="test_required_phase3_files_exist" time="0.001" /><testcase classname="tests.test_hls_sources.TestHlsSources" name="test_state_requantization_is_b32_rne_and_counted" time="0.000" /><testcase classname="tests.test_hls_sources.TestHlsSources" name="test_tcl_targets_u55c_250mhz" time="0.000" /><testcase classname="tests.test_hls_sources.TestHlsSources" name="test_top_uses_runtime_identity_persistent_state_and_all_phases" time="0.000" /><testcase classname="tests.test_hls_sources.TestHlsSources" name="test_transport_validation_does_not_request_unsatisfied_pipeline" time="0.000" /><testcase classname="tests.test_long_sequence_stability.TestLongSequenceStability" name="test_fp32_rows_are_exact_and_qdq_events_remain_explicitly_not_run" time="0.006" /><testcase classname="tests.test_long_sequence_stability.TestLongSequenceStability" name="test_invalid_head_ratio_is_rejected" time="0.000" /><testcase classname="tests.test_long_sequence_stability.TestLongSequenceStability" name="test_outputs_and_manifest_are_written_with_hashes" time="0.052" /><testcase classname="tests.test_long_sequence_stability.TestLongSequenceStability" name="test_trace_has_all_variants_and_checkpoints" time="0.010" /><testcase classname="tests.test_long_sequence_stability.TestLongSequenceStability" name="test_trace_is_deterministic_and_prefix_stable" time="0.024" /><testcase classname="tests.test_mx_format.TestMxFormat" name="test_e2m1_canonicalizes_negative_zero" time="0.001" /><testcase classname="tests.test_mx_format.TestMxFormat" name="test_e2m1_known_values" time="0.000" /><testcase classname="tests.test_mx_format.TestMxFormat" name="test_e2m1_round_to_nearest_even" time="0.000" /><testcase classname="tests.test_mx_format.TestMxFormat" name="test_e2m1_vectorized_encoder_matches_exhaustive_table_rounding" time="0.001" /><testcase classname="tests.test_mx_format.TestMxFormat" name="test_e4m3_maximum_and_nan_codes_follow_finite_only_format" time="0.000" /><testcase classname="tests.test_mx_format.TestMxFormat" name="test_e4m3_representable_values_roundtrip" time="0.000" /><testcase classname="tests.test_mx_format.TestMxFormat" name="test_e4m3_vectorized_encoder_matches_exhaustive_table_rounding" time="0.003" /><testcase classname="tests.test_mx_format.TestMxFormat" name="test_e8m0_rejects_reserved_nan_code" time="0.000" /><testcase classname="tests.test_mx_format.TestMxFormat" name="test_e8m0_scale_roundtrip" time="0.000" /><testcase classname="tests.test_mx_format.TestMxFormat" name="test_mxfp4_block_size_16_and_32" time="0.001" /><testcase classname="tests.test_mx_format.TestMxFormat" name="test_mxfp4_zero_blocks_are_stable" time="0.001" /><testcase classname="tests.test_mx_format.TestMxFormat" name="test_mxfp8_is_more_precise_than_mxfp4_on_state_like_values" time="0.001" /><testcase classname="tests.test_mxfp4_scale_policy.TestMxfp4ScalePolicy" name="test_every_token_matches_dynamic_state_quantization" time="0.001" /><testcase classname="tests.test_mxfp4_scale_policy.TestMxfp4ScalePolicy" name="test_fixed_policy_preserves_scales_and_counts_saturation" time="0.001" /><testcase classname="tests.test_mxfp4_scale_policy.TestMxfp4ScalePolicy" name="test_fixed_scale_quantizer_validates_shape_and_reports_clipping" time="0.001" /><testcase classname="tests.test_mxfp4_scale_policy.TestMxfp4ScalePolicy" name="test_invalid_policy_is_rejected" time="0.001" /><testcase classname="tests.test_mxfp4_scale_policy.TestMxfp4ScalePolicy" name="test_periodic_policy_refreshes_only_on_interval" time="0.001" /><testcase classname="tests.test_mxfp4_scale_policy.TestMxfp4ScalePolicy" name="test_threshold_policy_refreshes_high_and_low_nonzero_blocks" time="0.001" /><testcase classname="tests.test_official_parity.TestOfficialParityHelpers" name="test_bf16_threshold_requires_cosine_and_error_bounds" time="0.000" /><testcase classname="tests.test_official_parity.TestOfficialParityHelpers" name="test_default_configuration_is_exact_qwen_boundary" time="0.000" /><testcase classname="tests.test_official_parity.TestOfficialParityHelpers" name="test_invalid_configuration_is_rejected" time="0.000" /><testcase classname="tests.test_official_parity.TestOfficialParityHelpers" name="test_metrics_and_fp32_threshold" time="0.000" /><testcase classname="tests.test_paper_provenance.TestPaperProvenance" name="test_every_number_has_provenance" time="0.002" /><testcase classname="tests.test_paper_provenance.TestPaperProvenance" name="test_extended_synthetic_metrics_are_canonical" time="0.001" /><testcase classname="tests.test_paper_provenance.TestPaperProvenance" name="test_generated_phase6_artifacts_exist" time="0.001" /><testcase classname="tests.test_paper_provenance.TestPaperProvenance" name="test_ieee_tables_match_current_numbers" time="0.001" /><testcase classname="tests.test_paper_provenance.TestPaperProvenance" name="test_phase6_sweep_rows_have_cosim_and_post_impl_evidence" time="0.001" /><testcase classname="tests.test_paper_provenance.TestPaperProvenance" name="test_phase7_pack_contains_sweep_evidence_when_present" time="0.029"><skipped type="pytest.skip" message="Phase 7 pack has not been generated for bdd90bae3fdbeb6cb11e3a6538dc9bef72e26bfe">C:\Users\tyboy\OneDrive\Documents\mxfp4 improve\FPT26_data_review\tests\test_paper_provenance.py:140: Phase 7 pack has not been generated for bdd90bae3fdbeb6cb11e3a6538dc9bef72e26bfe</skipped></testcase><testcase classname="tests.test_paper_provenance.TestPaperProvenance" name="test_snippet_macros_have_backing_numbers_when_present" time="0.001" /><testcase classname="tests.test_plot_long_sequence_stability.TestPlotLongSequenceStability" name="test_generates_two_vector_pdfs_and_manifest" time="0.030" /><testcase classname="tests.test_plot_write_log_held_out" name="test_aggregate_traces_reports_mean_and_envelope" time="0.001" /><testcase classname="tests.test_plot_write_log_held_out" name="test_aggregate_traces_rejects_token_mismatch" time="0.000" /><testcase classname="tests.test_reports.TestReports" name="test_current_hls_cosim_report_passes_when_present" time="0.002"><skipped type="pytest.skip" message="HLS cosim report predates current HLS sources">C:\Users\tyboy\OneDrive\Documents\mxfp4 improve\FPT26_data_review\tests\test_reports.py:106: HLS cosim report predates current HLS sources</skipped></testcase><testcase classname="tests.test_reports.TestReports" name="test_current_vivado_reports_meet_phase5_thresholds_when_present" time="0.003" /><testcase classname="tests.test_reports.TestReports" name="test_parse_hls_cosim_report" time="0.000" /><testcase classname="tests.test_reports.TestReports" name="test_parse_hls_latency_rb" time="0.001" /><testcase classname="tests.test_reports.TestReports" name="test_parse_one_transaction_hls_cosim_report" time="0.000" /><testcase classname="tests.test_reports.TestReports" name="test_parse_timing_wns" time="0.000" /><testcase classname="tests.test_reports.TestReports" name="test_parse_total_power" time="0.001" /><testcase classname="tests.test_reports.TestReports" name="test_parse_utilization_percentages" time="0.001" /><testcase classname="tests.test_reports.TestReports" name="test_parse_vivado_pipe_power" time="0.000" /><testcase classname="tests.test_reports.TestReports" name="test_parse_vivado_pipe_utilization" time="0.000" /><testcase classname="tests.test_reports.TestReports" name="test_parse_vivado_timing_worst_slack" time="0.000" /><testcase classname="tests.test_scale_policy_ablation.TestScalePolicyAblation" name="test_all_frozen_policies_emit_every_token_and_checkpoint" time="0.027" /><testcase classname="tests.test_scale_policy_ablation.TestScalePolicyAblation" name="test_every_token_policy_matches_main_long_trace_metrics" time="0.030" /><testcase classname="tests.test_scale_policy_ablation.TestScalePolicyAblation" name="test_outputs_and_manifest_are_hashed" time="0.035" /><testcase classname="tests.test_vectors.TestVectors" name="test_generated_outputs_match_golden" time="0.001" /><testcase classname="tests.test_vectors.TestVectors" name="test_synthetic_vectors_are_deterministic" time="0.001" /><testcase classname="tests.test_vectors.TestVectors" name="test_vector_round_trip_and_manifest" time="0.008" /><testcase classname="tests.test_write_log_stability.TestWriteLogStability" name="test_adaptive_run_is_labeled_and_respects_capacity" time="0.024" /><testcase classname="tests.test_write_log_stability.TestWriteLogStability" name="test_capacity_controls_fold_schedule" time="0.017" /><testcase classname="tests.test_write_log_stability.TestWriteLogStability" name="test_logical_storage_increases_with_capacity" time="0.001" /><testcase classname="tests.test_write_log_stability.TestWriteLogStability" name="test_outputs_manifest_and_report_are_written" time="0.047" /><testcase classname="tests.test_write_log_stability.TestWriteLogStability" name="test_residual_stack_run_is_labeled_and_deterministic" time="0.015" /><testcase classname="tests.test_write_log_stability.TestWriteLogStability" name="test_trace_is_deterministic_prefix_stable_and_no_drop" time="0.028" /><testcase classname="tests.test_write_log_stability.TestWriteLogStability" name="test_zero_state_and_new_trace_families_are_deterministic" time="0.016" /></testsuite></testsuites>