<?xml version="1.0" encoding="utf-8"?><testsuites name="pytest tests"><testsuite name="pytest" errors="0" failures="0" skipped="0" tests="35" time="2.479" timestamp="2026-08-03T18:34:59.519382-07:00" hostname="Tyler"><testcase classname="tests.test_aggregate_long_trace_stress" name="test_full_shape_stress_artifacts_validate_and_preserve_method_ranking" time="0.658" /><testcase classname="tests.test_aggregate_long_trace_stress" name="test_stress_aggregate_hashes_every_input_and_output" time="0.680" /><testcase classname="tests.test_aggregate_long_trace_stress" name="test_stress_aggregate_rejects_wrong_geometry" time="0.003" /><testcase classname="tests.test_synthetic_trace_protocol" name="test_synthetic_trace_protocol_matches_executed_generators" time="0.001" /><testcase classname="tests.test_synthetic_trace_protocol" name="test_synthetic_trace_protocol_matches_supplemental_stress_transforms" time="0.001" /><testcase classname="tests.test_synthetic_trace_protocol" name="test_synthetic_trace_protocol_matches_zero_initial_state" time="0.001" /><testcase classname="tests.test_synthetic_trace_protocol" name="test_synthetic_trace_protocol_matches_relative_l2_floor" time="0.000" /><testcase classname="tests.test_synthetic_trace_protocol" name="test_synthetic_trace_protocol_matches_flattening_and_zero_norm_rules" time="0.000" /><testcase classname="tests.test_corrected_paper_assets" name="test_corrected_paper_assets_are_evidence_backed_and_release_neutral" time="0.304" /><testcase classname="tests.test_corrected_paper_assets" name="test_corrected_paper_manifest_excludes_unmanaged_output_files" time="0.310" /><testcase classname="tests.test_corrected_paper_assets" name="test_corrected_paper_assets_report_a_replayed_extended_quality_failure" time="0.270" /><testcase classname="tests.test_corrected_manuscript" name="test_corrected_manuscript_uses_the_controlled_question_and_current_assets" time="0.001" /><testcase classname="tests.test_corrected_manuscript" name="test_corrected_manuscript_defines_formats_and_positions_prior_work" time="0.001" /><testcase classname="tests.test_corrected_manuscript" name="test_uniform_encoded_reduction_contract_is_not_the_corrected_guarded_contract" time="0.000" /><testcase classname="tests.test_corrected_manuscript" name="test_corrected_manuscript_states_the_finite_horizon_error_bound" time="0.000" /><testcase classname="tests.test_corrected_manuscript" name="test_corrected_manuscript_consolidates_adjacent_quality_tables" time="0.000" /><testcase classname="tests.test_corrected_manuscript" name="test_corrected_manuscript_avoids_invalidated_claims" time="0.000" /><testcase classname="tests.test_corrected_manuscript" name="test_corrected_manuscript_macro_references_are_defined_and_not_bare" time="0.001" /><testcase classname="tests.test_corrected_manuscript" name="test_corrected_manuscript_has_balanced_latex_and_resolved_dependencies" time="0.002" /><testcase classname="tests.test_corrected_manuscript" name="test_corrected_manuscript_extended_pass_claim_has_full_replay_evidence" time="0.000" /><testcase classname="tests.test_citation_archival_audit" name="test_every_manuscript_reference_has_a_passed_archival_audit" time="0.001" /><testcase classname="tests.test_citation_archival_audit" name="test_bibliography_follows_first_citation_order" time="0.000" /><testcase classname="tests.test_decision_review_response" name="test_decision_review_response_maps_every_numbered_comment" time="0.001" /><testcase classname="tests.test_decision_review_response" name="test_decision_response_preserves_nonpassing_evidence_boundaries" time="0.000" /><testcase classname="tests.test_reviewer_traceability" name="test_authoritative_reviewer_ledger_is_complete_and_frozen" time="0.001" /><testcase classname="tests.test_reviewer_traceability" name="test_reviewer_rows_remain_unpromoted_without_final_pdf" time="0.000" /><testcase classname="tests.test_reviewer_traceability_status" name="test_current_traceability_is_not_run_without_audited_pdf" time="0.003" /><testcase classname="tests.test_reviewer_traceability_status" name="test_traceability_failure_is_not_hidden_by_not_run_rows" time="0.010" /><testcase classname="tests.test_final_completion_gate" name="test_current_final_gate_blocks_pdf_release" time="0.000" /><testcase classname="tests.test_final_completion_gate" name="test_all_pass_is_the_only_ready_state" time="0.000" /><testcase classname="tests.test_final_completion_gate" name="test_invalid_status_is_rejected" time="0.000" /><testcase classname="tests.test_final_completion_gate" name="test_written_gate_uses_live_source_revision" time="0.048" /><testcase classname="tests.test_corrected_status_docs" name="test_status_ledger_matches_machine_completion_gate" time="0.001" /><testcase classname="tests.test_corrected_status_docs" name="test_current_candidate_and_rtl_scope_are_consistent_across_docs" time="0.001" /><testcase classname="tests.test_corrected_status_docs" name="test_extended_development_replay_status_is_consistent_across_docs" time="0.001" /></testsuite></testsuites>