<?xml version="1.0" encoding="utf-8"?><testsuites name="pytest tests"><testsuite name="pytest" errors="0" failures="0" skipped="0" tests="47" time="3.886" timestamp="2026-08-02T11:21:03.281558-07:00" hostname="Tyler"><testcase classname="tests.test_aggregate_e2m0_encoded_extended" name="test_extended_summary_waits_for_full_deterministic_recompute" time="0.023" /><testcase classname="tests.test_aggregate_e2m0_encoded_extended" name="test_extended_summary_passes_only_after_both_replays" time="0.014" /><testcase classname="tests.test_aggregate_e2m0_encoded_extended" name="test_extended_summary_preserves_replay_pass_when_quality_fails" time="0.013" /><testcase classname="tests.test_aggregate_e2m0_encoded_held_out" name="test_input_hashes_treat_initial_state_as_a_paired_condition" time="0.007" /><testcase classname="tests.test_aggregate_e2m0_encoded_held_out" name="test_held_out_summary_counts_seed_blocks_not_rows" time="0.000" /><testcase classname="tests.test_e2m0_hls_report" name="test_e2m0_hls_parsers" time="0.001" /><testcase classname="tests.test_e2m0_hls_report" name="test_real_corrected_e2m0_hls_evidence" time="0.682" /><testcase classname="tests.test_synthetic_trace_protocol" name="test_synthetic_trace_protocol_matches_executed_generators" time="0.001" /><testcase classname="tests.test_synthetic_trace_protocol" name="test_synthetic_trace_protocol_matches_zero_initial_state" time="0.001" /><testcase classname="tests.test_synthetic_trace_protocol" name="test_synthetic_trace_protocol_matches_relative_l2_floor" time="0.000" /><testcase classname="tests.test_synthetic_trace_protocol" name="test_synthetic_trace_protocol_matches_flattening_and_zero_norm_rules" time="0.001" /><testcase classname="tests.test_corrected_paper_assets" name="test_corrected_paper_assets_are_evidence_backed_and_release_neutral" time="0.274" /><testcase classname="tests.test_corrected_paper_assets" name="test_corrected_paper_manifest_excludes_unmanaged_output_files" time="0.299" /><testcase classname="tests.test_corrected_paper_assets" name="test_corrected_paper_assets_report_a_replayed_extended_quality_failure" time="0.258" /><testcase classname="tests.test_corrected_manuscript" name="test_corrected_manuscript_uses_the_controlled_question_and_current_assets" time="0.001" /><testcase classname="tests.test_corrected_manuscript" name="test_corrected_manuscript_defines_formats_and_positions_prior_work" time="0.001" /><testcase classname="tests.test_corrected_manuscript" name="test_uniform_encoded_reduction_contract_is_not_the_corrected_guarded_contract" time="0.000" /><testcase classname="tests.test_corrected_manuscript" name="test_corrected_manuscript_consolidates_adjacent_quality_tables" time="0.000" /><testcase classname="tests.test_corrected_manuscript" name="test_corrected_manuscript_avoids_invalidated_claims" time="0.000" /><testcase classname="tests.test_corrected_manuscript" name="test_corrected_manuscript_macro_references_are_defined_and_not_bare" time="0.001" /><testcase classname="tests.test_corrected_manuscript" name="test_corrected_manuscript_has_balanced_latex_and_resolved_dependencies" time="0.001" /><testcase classname="tests.test_corrected_manuscript" name="test_corrected_manuscript_extended_pass_claim_has_full_replay_evidence" time="0.000" /><testcase classname="tests.test_replacement_question_summary" name="test_negative_uniform_mxfp4_answer" time="0.082" /><testcase classname="tests.test_replacement_question_summary" name="test_verified_native_failure_is_included_in_answer" time="0.078" /><testcase classname="tests.test_replacement_question_summary" name="test_corrected_candidate_is_reported_separately_from_uniform_answer" time="0.088" /><testcase classname="tests.test_replacement_question_summary" name="test_replayed_extended_metrics_are_preserved_in_summary" time="0.111" /><testcase classname="tests.test_final_completion_gate" name="test_current_final_gate_blocks_pdf_release" time="0.000" /><testcase classname="tests.test_final_completion_gate" name="test_all_pass_is_the_only_ready_state" time="0.000" /><testcase classname="tests.test_final_completion_gate" name="test_invalid_status_is_rejected" time="0.000" /><testcase classname="tests.test_final_completion_gate" name="test_written_gate_uses_live_source_revision" time="0.044" /><testcase classname="tests.test_corrected_status_docs" name="test_status_ledger_matches_machine_completion_gate" time="0.001" /><testcase classname="tests.test_corrected_status_docs" name="test_current_candidate_and_rtl_scope_are_consistent_across_docs" time="0.001" /><testcase classname="tests.test_corrected_status_docs" name="test_extended_development_replay_status_is_consistent_across_docs" time="0.001" /><testcase classname="tests.test_reviewer_traceability" name="test_authoritative_reviewer_ledger_is_complete_and_frozen" time="0.001" /><testcase classname="tests.test_reviewer_traceability" name="test_reviewer_rows_remain_unpromoted_without_final_pdf" time="0.000" /><testcase classname="tests.test_reviewer_traceability_status" name="test_current_traceability_is_not_run_without_audited_pdf" time="0.004" /><testcase classname="tests.test_reviewer_traceability_status" name="test_traceability_failure_is_not_hidden_by_not_run_rows" time="0.004" /><testcase classname="tests.test_evidence_source_snapshot" name="test_default_snapshot_includes_current_hls_paper_and_status_sources" time="0.046" /><testcase classname="tests.test_evidence_source_snapshot" name="test_describe_source_files_covers_tracked_and_untracked_bytes" time="0.127" /><testcase classname="tests.test_corrected_long_trace_panel" name="test_corrected_long_trace_panel_is_verified_and_legible" time="1.295" /><testcase classname="tests.test_plot_long_sequence_stability" name="test_variant_colors_do_not_shift_when_fp32_is_omitted" time="0.000" /><testcase classname="tests.test_plot_long_sequence_stability" name="test_variant_dash_patterns_are_stable_and_grayscale_distinct" time="0.000" /><testcase classname="tests.test_plot_long_sequence_stability" name="test_current_plot_manifest_includes_verified_native_trace" time="0.000" /><testcase classname="tests.test_plot_long_sequence_stability.TestPlotLongSequenceStability" name="test_generates_two_vector_pdfs_and_manifest" time="0.101" /><testcase classname="tests.test_citation_archival_audit" name="test_every_manuscript_reference_has_a_passed_archival_audit" time="0.001" /><testcase classname="tests.test_citation_archival_audit" name="test_bibliography_follows_first_citation_order" time="0.000" /><testcase classname="tests.test_venue_requirements" name="test_fpt_source_is_anonymous_ieee_us_letter_candidate" time="0.000" /></testsuite></testsuites>