<?xml version="1.0" encoding="utf-8"?><testsuites name="pytest tests"><testsuite name="pytest" errors="0" failures="0" skipped="2" tests="271" time="11.427" timestamp="2026-08-03T18:35:10.447808-07:00" hostname="Tyler"><testcase classname="tests.test_aggregate_e2m0_encoded_extended" name="test_extended_summary_waits_for_full_deterministic_recompute" time="0.015" /><testcase classname="tests.test_aggregate_e2m0_encoded_extended" name="test_extended_summary_passes_only_after_both_replays" time="0.018" /><testcase classname="tests.test_aggregate_e2m0_encoded_extended" name="test_extended_summary_preserves_replay_pass_when_quality_fails" time="0.018" /><testcase classname="tests.test_aggregate_e2m0_encoded_held_out" name="test_input_hashes_treat_initial_state_as_a_paired_condition" time="0.007" /><testcase classname="tests.test_aggregate_e2m0_encoded_held_out" name="test_held_out_summary_counts_seed_blocks_not_rows" time="0.001" /><testcase classname="tests.test_aggregate_long_trace_stress" name="test_full_shape_stress_artifacts_validate_and_preserve_method_ranking" time="0.679" /><testcase classname="tests.test_aggregate_long_trace_stress" name="test_stress_aggregate_hashes_every_input_and_output" time="0.695" /><testcase classname="tests.test_aggregate_long_trace_stress" name="test_stress_aggregate_rejects_wrong_geometry" time="0.004" /><testcase classname="tests.test_bf16_hls_report" name="test_parsers" time="0.001" /><testcase classname="tests.test_bf16_hls_report" name="test_real_bf16_hls_evidence" time="0.460" /><testcase classname="tests.test_build_corrected_paper" name="test_corrected_pdf_build_is_blocked_by_current_gate" time="0.024" /><testcase classname="tests.test_calibrate.TestCalibrate" name="test_run_calibration_writes_scales_manifest_and_reports" time="0.028" /><testcase classname="tests.test_citation_archival_audit" name="test_every_manuscript_reference_has_a_passed_archival_audit" time="0.001" /><testcase classname="tests.test_citation_archival_audit" name="test_bibliography_follows_first_citation_order" time="0.000" /><testcase classname="tests.test_corrected_cosim_report" name="test_parse_progress_uses_last_completed_transaction" time="0.000" /><testcase classname="tests.test_corrected_cosim_report" name="test_parse_c_tb_and_elapsed_time" time="0.000" /><testcase classname="tests.test_corrected_datapath_figure" name="test_corrected_datapath_figure_is_pdf_and_value_bound" time="0.187" /><testcase classname="tests.test_corrected_hls_report" name="test_parse_loop_results_separates_targeted_and_transport_loops" time="0.000" /><testcase classname="tests.test_corrected_long_trace_panel" name="test_corrected_long_trace_panel_is_verified_and_legible" time="1.375" /><testcase classname="tests.test_corrected_manuscript" name="test_corrected_manuscript_uses_the_controlled_question_and_current_assets" time="0.001" /><testcase classname="tests.test_corrected_manuscript" name="test_corrected_manuscript_defines_formats_and_positions_prior_work" time="0.001" /><testcase classname="tests.test_corrected_manuscript" name="test_uniform_encoded_reduction_contract_is_not_the_corrected_guarded_contract" time="0.000" /><testcase classname="tests.test_corrected_manuscript" name="test_corrected_manuscript_states_the_finite_horizon_error_bound" time="0.001" /><testcase classname="tests.test_corrected_manuscript" name="test_corrected_manuscript_consolidates_adjacent_quality_tables" time="0.001" /><testcase classname="tests.test_corrected_manuscript" name="test_corrected_manuscript_avoids_invalidated_claims" time="0.001" /><testcase classname="tests.test_corrected_manuscript" name="test_corrected_manuscript_macro_references_are_defined_and_not_bare" time="0.002" /><testcase classname="tests.test_corrected_manuscript" name="test_corrected_manuscript_has_balanced_latex_and_resolved_dependencies" time="0.002" /><testcase classname="tests.test_corrected_manuscript" name="test_corrected_manuscript_extended_pass_claim_has_full_replay_evidence" time="0.000" /><testcase classname="tests.test_corrected_pack_validator" name="test_corrected_pack_validator_accepts_complete_consistent_archive" time="0.013" /><testcase classname="tests.test_corrected_paper_assets" name="test_corrected_paper_assets_are_evidence_backed_and_release_neutral" time="0.270" /><testcase classname="tests.test_corrected_paper_assets" name="test_corrected_paper_manifest_excludes_unmanaged_output_files" time="0.262" /><testcase classname="tests.test_corrected_paper_assets" name="test_corrected_paper_assets_report_a_replayed_extended_quality_failure" time="0.275" /><testcase classname="tests.test_corrected_status_docs" name="test_status_ledger_matches_machine_completion_gate" time="0.001" /><testcase classname="tests.test_corrected_status_docs" name="test_current_candidate_and_rtl_scope_are_consistent_across_docs" time="0.001" /><testcase classname="tests.test_corrected_status_docs" name="test_extended_development_replay_status_is_consistent_across_docs" time="0.001" /><testcase classname="tests.test_cosim_parity.TestCosimParity" name="test_matching_trace_has_no_mismatches" time="0.008" /><testcase classname="tests.test_cosim_parity.TestCosimParity" name="test_mismatch_reports_row_and_signal" time="0.002" /><testcase classname="tests.test_decision_gate.TestDecisionGate" name="test_report_marks_missing_hls_evidence_as_blocked" time="0.008" /><testcase classname="tests.test_decision_gate.TestDecisionGate" name="test_write_decision_gate_report" time="0.015" /><testcase classname="tests.test_decision_review_response" name="test_decision_review_response_maps_every_numbered_comment" time="0.001" /><testcase classname="tests.test_decision_review_response" name="test_decision_response_preserves_nonpassing_evidence_boundaries" time="0.000" /><testcase classname="tests.test_direct_rtl_report" name="test_parse_direct_rtl_smoke" time="0.000" /><testcase classname="tests.test_direct_rtl_report" name="test_rejects_wrong_latched_command" time="0.000" /><testcase classname="tests.test_direct_rtl_report" name="test_current_summary_when_present" time="0.000" /><testcase classname="tests.test_direct_rtl_trace_report" name="test_parse_complete_trace" time="0.000" /><testcase classname="tests.test_direct_rtl_trace_report" name="test_rejects_missing_token" time="0.000" /><testcase classname="tests.test_direct_rtl_trace_report" name="test_reporter_source_tree_contains_hls_implementation" time="0.001" /><testcase classname="tests.test_direct_rtl_trace_report" name="test_current_summary_when_present" time="0.001" /><testcase classname="tests.test_e2m0_encoded_preregistration" name="test_encoded_registration_is_frozen_before_held_out_execution" time="0.001" /><testcase classname="tests.test_e2m0_encoded_stability" name="test_controlled_full_dimension_logical_bytes" time="0.000" /><testcase classname="tests.test_e2m0_encoded_stability" name="test_trace_records_fold_schedule_and_counter_prefix_sums" time="0.095" /><testcase classname="tests.test_e2m0_encoded_stability" name="test_manifest_verifier_recomputes_every_row" time="0.415" /><testcase classname="tests.test_e2m0_hls_report" name="test_e2m0_hls_parsers" time="0.001" /><testcase classname="tests.test_e2m0_hls_report" name="test_real_corrected_e2m0_hls_evidence" time="0.664" /><testcase classname="tests.test_e2m0_residual_stability.TestE2M0ResidualStability" name="test_full_dimension_storage_matches_registered_budget" time="0.000" /><testcase classname="tests.test_e2m0_residual_stability.TestE2M0ResidualStability" name="test_manifest_and_independent_verifier" time="0.027" /><testcase classname="tests.test_e2m0_residual_stability.TestE2M0ResidualStability" name="test_trace_is_deterministic_and_prefix_complete" time="0.024" /><testcase classname="tests.test_evidence_source_snapshot" name="test_default_snapshot_includes_current_hls_paper_and_status_sources" time="0.049" /><testcase classname="tests.test_evidence_source_snapshot" name="test_describe_source_files_covers_tracked_and_untracked_bytes" time="0.126" /><testcase classname="tests.test_final_completion_gate" name="test_current_final_gate_blocks_pdf_release" time="0.000" /><testcase classname="tests.test_final_completion_gate" name="test_all_pass_is_the_only_ready_state" time="0.000" /><testcase classname="tests.test_final_completion_gate" name="test_invalid_status_is_rejected" time="0.000" /><testcase classname="tests.test_final_completion_gate" name="test_written_gate_uses_live_source_revision" time="0.048" /><testcase classname="tests.test_finalize_corrected_paper" name="test_finalization_is_blocked_by_current_gate" time="0.029" /><testcase classname="tests.test_gdn_bf16" name="test_roundtrip_bf16_uses_round_to_nearest_even" time="0.000" /><testcase classname="tests.test_gdn_bf16" name="test_step_matches_explicit_bf16_boundaries" time="0.027" /><testcase classname="tests.test_gdn_bf16" name="test_roundtrip_rejects_nonfinite_values" time="0.000" /><testcase classname="tests.test_gdn_e2m0_encoded" name="test_e2m0_float_encoding_matches_frozen_qdq" time="0.001" /><testcase classname="tests.test_gdn_e2m0_encoded" name="test_two_term_stack_matches_frozen_qdq" time="0.001" /><testcase classname="tests.test_gdn_e2m0_encoded" name="test_state_encoding_matches_frozen_qdq" time="0.001" /><testcase classname="tests.test_gdn_e2m0_encoded" name="test_sparse_write_and_output_are_hand_computable" time="0.003" /><testcase classname="tests.test_gdn_e2m0_encoded" name="test_seventh_write_folds_atomically_without_dropping_state" time="0.027" /><testcase classname="tests.test_gdn_e2m0_encoded" name="test_zero_alpha_decays_base_and_live_log" time="0.009" /><testcase classname="tests.test_gdn_e2m0_encoded" name="test_invalid_e2m0_negative_zero_is_rejected" time="0.001" /><testcase classname="tests.test_gdn_e2m0_encoded_vectorized" name="test_vectorized_matches_scalar_across_folds_and_decay" time="0.109" /><testcase classname="tests.test_gdn_e2m0_residual.TestE2M0Residual" name="test_adjacent_scale_search_improves_known_block" time="0.001" /><testcase classname="tests.test_gdn_e2m0_residual.TestE2M0Residual" name="test_engine_is_deterministic_and_never_drops_entries" time="0.017" /><testcase classname="tests.test_gdn_e2m0_residual.TestE2M0Residual" name="test_quantizer_is_deterministic_and_handles_partial_blocks" time="0.001" /><testcase classname="tests.test_gdn_e2m0_residual.TestE2M0Residual" name="test_rejects_unknown_log_mode" time="0.000" /><testcase classname="tests.test_gdn_e2m0_residual.TestE2M0Residual" name="test_stack_reduces_error_beyond_one_mxfp4_term" time="0.001" /><testcase classname="tests.test_gdn_fp32.TestGdnFp32" name="test_alpha_zero_erases_state_before_prediction" time="0.000" /><testcase classname="tests.test_gdn_fp32.TestGdnFp32" name="test_contiguous_sequence_matches_separate_invocations" time="0.001" /><testcase classname="tests.test_gdn_fp32.TestGdnFp32" name="test_core_boundary_matches_internal_normalization" time="0.001" /><testcase classname="tests.test_gdn_fp32.TestGdnFp32" name="test_gate_derivation_matches_fp64_and_stays_bounded" time="0.000" /><testcase classname="tests.test_gdn_fp32.TestGdnFp32" name="test_invalid_shapes_bounds_and_nonfinite_inputs_are_rejected" time="0.001" /><testcase classname="tests.test_gdn_fp32.TestGdnFp32" name="test_paired_qk_head_mapping" time="0.000" /><testcase classname="tests.test_gdn_fp32.TestGdnFp32" name="test_prediction_uses_decayed_state_and_output_uses_updated_state" time="0.000" /><testcase classname="tests.test_gdn_fp32.TestGdnFp32" name="test_random_non_square_state_matches_independent_fp64" time="0.001" /><testcase classname="tests.test_gdn_fp32.TestGdnFp32" name="test_state_orientation_round_trip" time="0.000" /><testcase classname="tests.test_gdn_int4.TestGdnInt4" name="test_int4_decode_step_shapes_and_error_budget" time="0.001" /><testcase classname="tests.test_gdn_int4.TestGdnInt4" name="test_symmetric_int4_roundtrip_bounds" time="0.000" /><testcase classname="tests.test_gdn_mxfp4.TestGdnMxfp4" name="test_block_quantization_is_deterministic" time="0.001" /><testcase classname="tests.test_gdn_mxfp4.TestGdnMxfp4" name="test_mxfp4_vs_fp32_synthetic" time="0.001" /><testcase classname="tests.test_gdn_mxfp4.TestGdnMxfp4" name="test_mxfp8_state_path_runs" time="0.001" /><testcase classname="tests.test_gdn_mxfp4_encoded.TestGdnMxfp4Encoded" name="test_changing_state_scale_is_counted_and_deterministic" time="0.001" /><testcase classname="tests.test_gdn_mxfp4_encoded.TestGdnMxfp4Encoded" name="test_exact_zero_state_write_matches_fp32_core" time="0.002" /><testcase classname="tests.test_gdn_mxfp4_encoded.TestGdnMxfp4Encoded" name="test_exhaustive_valid_e2m1_pairs_are_exact" time="0.076" /><testcase classname="tests.test_gdn_mxfp4_encoded.TestGdnMxfp4Encoded" name="test_invalid_scale_and_noncanonical_zero_are_rejected" time="0.001" /><testcase classname="tests.test_gdn_mxfp4_encoded.TestGdnMxfp4Encoded" name="test_large_exponent_gap_records_alignment_underflow" time="0.001" /><testcase classname="tests.test_gdn_mxfp4_encoded.TestGdnMxfp4Encoded" name="test_output_reads_updated_state_before_requantization" time="0.001" /><testcase classname="tests.test_gdn_mxfp4_encoded.TestGdnMxfp4Encoded" name="test_paired_heads_keep_independent_state_and_gates" time="0.001" /><testcase classname="tests.test_gdn_mxfp4_encoded.TestGdnMxfp4Encoded" name="test_q1_15_endpoints_and_ties_to_even" time="0.000" /><testcase classname="tests.test_gdn_mxfp4_encoded.TestGdnMxfp4Encoded" name="test_signed_round_shift_rne_exhaustive" time="0.002" /><testcase classname="tests.test_gdn_mxfp4_encoded.TestGdnMxfp4Encoded" name="test_token_and_state_block_sizes_must_match" time="0.001" /><testcase classname="tests.test_gdn_mxfp4_encoded_vectorized" name="test_vectorized_rne_and_ordered_saturation_helpers" time="0.000" /><testcase classname="tests.test_gdn_mxfp4_encoded_vectorized" name="test_vectorized_matches_scalar_across_multitoken_random_state" time="0.064" /><testcase classname="tests.test_gdn_mxfp4_encoded_vectorized" name="test_vectorized_matches_scalar_with_extreme_scales_and_cancellation" time="0.006" /><testcase classname="tests.test_gdn_oracle_fp64.TestGdnOracleFp64" name="test_affine_scan_matches_scalar_recurrence" time="0.002" /><testcase classname="tests.test_gdn_oracle_fp64.TestGdnOracleFp64" name="test_alpha_zero_removes_all_previous_state_influence" time="0.001" /><testcase classname="tests.test_gdn_oracle_fp64.TestGdnOracleFp64" name="test_beta_zero_performs_pure_decay" time="0.000" /><testcase classname="tests.test_gdn_oracle_fp64.TestGdnOracleFp64" name="test_gate_derivation_has_known_center_and_stable_extremes" time="0.000" /><testcase classname="tests.test_gdn_oracle_fp64.TestGdnOracleFp64" name="test_invalid_head_ratio_and_gate_range_are_rejected" time="0.000" /><testcase classname="tests.test_gdn_oracle_fp64.TestGdnOracleFp64" name="test_non_square_orientation_and_round_trip" time="0.000" /><testcase classname="tests.test_gdn_oracle_fp64.TestGdnOracleFp64" name="test_paired_heads_share_qk_but_not_value_state_or_gates" time="0.000" /><testcase classname="tests.test_gdn_oracle_fp64.TestGdnOracleFp64" name="test_zero_state_unit_write_has_hand_derived_result" time="0.000" /><testcase classname="tests.test_gdn_resident_state.TestResidentStateOracle" name="test_all_36_layer_ids_are_addressable_and_isolated" time="0.011" /><testcase classname="tests.test_gdn_resident_state.TestResidentStateOracle" name="test_block_size_mismatch_is_a_shape_error" time="0.001" /><testcase classname="tests.test_gdn_resident_state.TestResidentStateOracle" name="test_invalid_command_and_payload_rules_are_counted" time="0.001" /><testcase classname="tests.test_gdn_resident_state.TestResidentStateOracle" name="test_invalid_load_is_atomic_and_counted" time="0.001" /><testcase classname="tests.test_gdn_resident_state.TestResidentStateOracle" name="test_invalid_selectors_do_not_create_cumulative_slot_state" time="0.001" /><testcase classname="tests.test_gdn_resident_state.TestResidentStateOracle" name="test_invalid_step_preserves_state_and_generation" time="0.001" /><testcase classname="tests.test_gdn_resident_state.TestResidentStateOracle" name="test_load_copies_input_and_readback_returns_copy" time="0.001" /><testcase classname="tests.test_gdn_resident_state.TestResidentStateOracle" name="test_reset_is_canonical_and_idempotent" time="0.001" /><testcase classname="tests.test_gdn_resident_state.TestResidentStateOracle" name="test_reset_starts_a_new_generation_epoch" time="0.002" /><testcase classname="tests.test_gdn_resident_state.TestResidentStateOracle" name="test_sequence_and_layer_slots_do_not_alias" time="0.001" /><testcase classname="tests.test_gdn_resident_state.TestResidentStateOracle" name="test_shape_mismatch_is_distinct_and_atomic" time="0.001" /><testcase classname="tests.test_gdn_resident_state.TestResidentStateOracle" name="test_step_and_readback_before_initialization_are_rejected" time="0.001" /><testcase classname="tests.test_gdn_resident_state.TestResidentStateOracle" name="test_step_matches_encoded_oracle_and_commits_once" time="0.002" /><testcase classname="tests.test_gdn_write_log.TestLazyWriteLogGDN" name="test_bf16_roundtrip_uses_ties_to_even" time="0.000" /><testcase classname="tests.test_gdn_write_log.TestLazyWriteLogGDN" name="test_decay_threshold_fold_is_bounded_and_no_drop" time="0.001" /><testcase classname="tests.test_gdn_write_log.TestLazyWriteLogGDN" name="test_exact_core_matches_direct_recurrence_across_folds" time="0.005" /><testcase classname="tests.test_gdn_write_log.TestLazyWriteLogGDN" name="test_exact_raw_step_matches_independent_fp64_oracle" time="0.002" /><testcase classname="tests.test_gdn_write_log.TestLazyWriteLogGDN" name="test_paired_keys_and_full_log_never_drop_writes" time="0.001" /><testcase classname="tests.test_gdn_write_log.TestLazyWriteLogGDN" name="test_pure_decay_does_not_requantize_base_every_token" time="0.001" /><testcase classname="tests.test_gdn_write_log.TestLazyWriteLogGDN" name="test_quantized_coefficient_underflow_rebases_atomically" time="0.011" /><testcase classname="tests.test_gdn_write_log.TestLazyWriteLogGDN" name="test_quantized_execution_is_deterministic" time="0.014" /><testcase classname="tests.test_gdn_write_log.TestLazyWriteLogGDN" name="test_rank_one_write_uses_official_positive_sign" time="0.001" /><testcase classname="tests.test_gdn_write_log.TestLazyWriteLogGDN" name="test_second_mxfp4_residual_term_reduces_roundtrip_error" time="0.001" /><testcase classname="tests.test_gdn_write_log.TestLazyWriteLogGDN" name="test_sparse_second_term_has_intermediate_error" time="0.001" /><testcase classname="tests.test_generate_direct_rtl_trace_assets" name="test_verified_trace_dimensions_and_terminal_metadata" time="0.016" /><testcase classname="tests.test_generate_direct_rtl_trace_assets" name="test_trace_stream_and_oracle_lengths" time="0.016" /><testcase classname="tests.test_hls_arithmetic_comparison" name="test_mxfp4_step_parser" time="0.000" /><testcase classname="tests.test_hls_arithmetic_comparison" name="test_controlled_hls_comparison" time="0.553" /><testcase classname="tests.test_hls_bf16_sources" name="test_bf16_baseline_keeps_controlled_boundary_and_dataflow" time="0.001" /><testcase classname="tests.test_hls_bf16_sources" name="test_bf16_baseline_has_bounded_csim_and_csynth_entrypoints" time="0.000" /><testcase classname="tests.test_hls_command_trace.TestHlsCommandTrace" name="test_frozen_trace_structure_hashes_and_summary" time="0.005" /><testcase classname="tests.test_hls_e2m0_sources" name="test_corrected_e2m0_constants_and_integer_datapath_are_frozen" time="0.003" /><testcase classname="tests.test_hls_e2m0_sources" name="test_corrected_e2m0_flows_target_u55c_at_four_ns" time="0.001" /><testcase classname="tests.test_hls_e2m0_sources" name="test_trace_generator_resolves_cli_paths_against_repository" time="0.000" /><testcase classname="tests.test_hls_sources.TestHlsSources" name="test_alignment_contract_has_rne_int32_saturation_and_ii1" time="0.000" /><testcase classname="tests.test_hls_sources.TestHlsSources" name="test_corrected_dimensions_commands_and_gates_are_frozen" time="0.001" /><testcase classname="tests.test_hls_sources.TestHlsSources" name="test_cosim_defaults_to_64_commands" time="0.000" /><testcase classname="tests.test_hls_sources.TestHlsSources" name="test_mac_is_integer_lut_and_shift_add_based" time="0.000" /><testcase classname="tests.test_hls_sources.TestHlsSources" name="test_no_phase3_placeholder_markers" time="0.005" /><testcase classname="tests.test_hls_sources.TestHlsSources" name="test_required_phase3_files_exist" time="0.000" /><testcase classname="tests.test_hls_sources.TestHlsSources" name="test_state_requantization_is_b32_rne_and_counted" time="0.000" /><testcase classname="tests.test_hls_sources.TestHlsSources" name="test_tcl_targets_u55c_250mhz" time="0.000" /><testcase classname="tests.test_hls_sources.TestHlsSources" name="test_top_uses_runtime_identity_persistent_state_and_all_phases" time="0.000" /><testcase classname="tests.test_hls_sources.TestHlsSources" name="test_transport_validation_does_not_request_unsatisfied_pipeline" time="0.000" /><testcase classname="tests.test_interrupted_cosim_report" name="test_parse_progress_uses_last_completed_transaction" time="0.000" /><testcase classname="tests.test_interrupted_cosim_report" name="test_parse_xsim_start_and_normalize_windows_path" time="0.000" /><testcase classname="tests.test_long_sequence_stability.TestLongSequenceStability" name="test_fp32_rows_are_exact_and_qdq_events_remain_explicitly_not_run" time="0.006" /><testcase classname="tests.test_long_sequence_stability.TestLongSequenceStability" name="test_invalid_head_ratio_is_rejected" time="0.000" /><testcase classname="tests.test_long_sequence_stability.TestLongSequenceStability" name="test_outputs_and_manifest_are_written_with_hashes" time="0.359" /><testcase classname="tests.test_long_sequence_stability.TestLongSequenceStability" name="test_trace_has_all_variants_and_checkpoints" time="0.012" /><testcase classname="tests.test_long_sequence_stability.TestLongSequenceStability" name="test_trace_is_deterministic_and_prefix_stable" time="0.027" /><testcase classname="tests.test_mx_format.TestMxFormat" name="test_e2m1_canonicalizes_negative_zero" time="0.000" /><testcase classname="tests.test_mx_format.TestMxFormat" name="test_e2m1_known_values" time="0.000" /><testcase classname="tests.test_mx_format.TestMxFormat" name="test_e2m1_round_to_nearest_even" time="0.000" /><testcase classname="tests.test_mx_format.TestMxFormat" name="test_e2m1_vectorized_encoder_matches_exhaustive_table_rounding" time="0.001" /><testcase classname="tests.test_mx_format.TestMxFormat" name="test_e4m3_maximum_and_nan_codes_follow_finite_only_format" time="0.000" /><testcase classname="tests.test_mx_format.TestMxFormat" name="test_e4m3_representable_values_roundtrip" time="0.000" /><testcase classname="tests.test_mx_format.TestMxFormat" name="test_e4m3_vectorized_encoder_matches_exhaustive_table_rounding" time="0.003" /><testcase classname="tests.test_mx_format.TestMxFormat" name="test_e8m0_rejects_reserved_nan_code" time="0.000" /><testcase classname="tests.test_mx_format.TestMxFormat" name="test_e8m0_scale_roundtrip" time="0.000" /><testcase classname="tests.test_mx_format.TestMxFormat" name="test_mxfp4_block_size_16_and_32" time="0.001" /><testcase classname="tests.test_mx_format.TestMxFormat" name="test_mxfp4_zero_blocks_are_stable" time="0.001" /><testcase classname="tests.test_mx_format.TestMxFormat" name="test_mxfp8_is_more_precise_than_mxfp4_on_state_like_values" time="0.001" /><testcase classname="tests.test_mxfp4_scale_policy.TestMxfp4ScalePolicy" name="test_every_token_matches_dynamic_state_quantization" time="0.001" /><testcase classname="tests.test_mxfp4_scale_policy.TestMxfp4ScalePolicy" name="test_fixed_policy_preserves_scales_and_counts_saturation" time="0.001" /><testcase classname="tests.test_mxfp4_scale_policy.TestMxfp4ScalePolicy" name="test_fixed_scale_quantizer_validates_shape_and_reports_clipping" time="0.001" /><testcase classname="tests.test_mxfp4_scale_policy.TestMxfp4ScalePolicy" name="test_invalid_policy_is_rejected" time="0.001" /><testcase classname="tests.test_mxfp4_scale_policy.TestMxfp4ScalePolicy" name="test_periodic_policy_refreshes_only_on_interval" time="0.001" /><testcase classname="tests.test_mxfp4_scale_policy.TestMxfp4ScalePolicy" name="test_threshold_policy_refreshes_high_and_low_nonzero_blocks" time="0.001" /><testcase classname="tests.test_native_encoded_long_trace" name="test_native_encoded_long_trace_artifacts_pass_independent_verification" time="0.382" /><testcase classname="tests.test_native_encoded_long_trace" name="test_native_encoded_long_trace_verification_report_matches" time="0.001" /><testcase classname="tests.test_native_encoded_long_trace" name="test_native_encoded_trace_crosses_diagnostic_limits_at_token_one" time="0.030" /><testcase classname="tests.test_official_parity.TestOfficialParityHelpers" name="test_bf16_threshold_requires_cosine_and_error_bounds" time="0.000" /><testcase classname="tests.test_official_parity.TestOfficialParityHelpers" name="test_default_configuration_is_exact_qwen_boundary" time="0.000" /><testcase classname="tests.test_official_parity.TestOfficialParityHelpers" name="test_invalid_configuration_is_rejected" time="0.000" /><testcase classname="tests.test_official_parity.TestOfficialParityHelpers" name="test_metrics_and_fp32_threshold" time="0.000" /><testcase classname="tests.test_paper_pack_gate" name="test_release_gate_rejects_nonpassing_report" time="0.046" /><testcase classname="tests.test_paper_pack_gate" name="test_release_gate_rejects_malformed_report" time="0.002" /><testcase classname="tests.test_paper_pack_gate" name="test_release_gate_accepts_only_complete_pass_report" time="0.048" /><testcase classname="tests.test_paper_pack_gate" name="test_release_gate_rejects_stale_source_revision" time="0.049" /><testcase classname="tests.test_paper_pack_gate" name="test_audit_gate_accepts_upstream_pass_before_pdf_review" time="0.055" /><testcase classname="tests.test_paper_pack_gate" name="test_audit_gate_rejects_nonpassing_upstream_gate" time="0.051" /><testcase classname="tests.test_paper_pack_gate" name="test_pack_validator_rejects_archived_nonpassing_gate" time="0.037" /><testcase classname="tests.test_paper_pack_gate" name="test_legacy_paper_generators_are_blocked[main0]" time="0.031" /><testcase classname="tests.test_paper_pack_gate" name="test_legacy_paper_generators_are_blocked[main1]" time="0.030" /><testcase classname="tests.test_paper_pack_gate" name="test_legacy_paper_generators_are_blocked[main2]" time="0.025" /><testcase classname="tests.test_paper_pack_gate" name="test_legacy_paper_generators_are_blocked[main3]" time="0.023" /><testcase classname="tests.test_paper_pack_gate" name="test_legacy_paper_generators_are_blocked[main4]" time="0.023" /><testcase classname="tests.test_paper_pack_gate" name="test_legacy_paper_generators_are_blocked[main5]" time="0.024" /><testcase classname="tests.test_paper_pack_gate" name="test_legacy_paper_generators_are_blocked[main6]" time="0.024" /><testcase classname="tests.test_paper_pack_gate" name="test_pack_validator_entrypoint_is_blocked" time="0.046" /><testcase classname="tests.test_paper_provenance.TestLegacyPaperProvenancePreservation" name="test_corrected_phase7_pack_contents_when_present" time="0.023"><skipped type="pytest.skip" message="Phase 7 pack has not been generated for bdd90bae3fdbeb6cb11e3a6538dc9bef72e26bfe">C:\Users\tyboy\OneDrive\Documents\mxfp4 improve\FPT26_data_review\tests\test_paper_provenance.py:152: Phase 7 pack has not been generated for bdd90bae3fdbeb6cb11e3a6538dc9bef72e26bfe</skipped></testcase><testcase classname="tests.test_paper_provenance.TestLegacyPaperProvenancePreservation" name="test_legacy_artifacts_are_explicitly_invalidated" time="0.001" /><testcase classname="tests.test_paper_provenance.TestLegacyPaperProvenancePreservation" name="test_legacy_every_number_has_provenance" time="0.002" /><testcase classname="tests.test_paper_provenance.TestLegacyPaperProvenancePreservation" name="test_legacy_extended_synthetic_metrics_preserve_provenance" time="0.001" /><testcase classname="tests.test_paper_provenance.TestLegacyPaperProvenancePreservation" name="test_legacy_generated_phase6_artifacts_exist" time="0.001" /><testcase classname="tests.test_paper_provenance.TestLegacyPaperProvenancePreservation" name="test_legacy_ieee_tables_match_legacy_numbers" time="0.001" /><testcase classname="tests.test_paper_provenance.TestLegacyPaperProvenancePreservation" name="test_legacy_phase6_sweep_rows_preserve_report_links" time="0.001" /><testcase classname="tests.test_paper_provenance.TestLegacyPaperProvenancePreservation" name="test_legacy_snippet_macros_have_backing_numbers_when_present" time="0.001" /><testcase classname="tests.test_plot_long_sequence_stability" name="test_variant_colors_do_not_shift_when_fp32_is_omitted" time="0.000" /><testcase classname="tests.test_plot_long_sequence_stability" name="test_variant_dash_patterns_are_stable_and_grayscale_distinct" time="0.000" /><testcase classname="tests.test_plot_long_sequence_stability" name="test_current_plot_manifest_includes_verified_native_trace" time="0.000" /><testcase classname="tests.test_plot_long_sequence_stability.TestPlotLongSequenceStability" name="test_generates_two_vector_pdfs_and_manifest" time="0.100" /><testcase classname="tests.test_plot_write_log_held_out" name="test_aggregate_traces_reports_mean_and_envelope" time="0.000" /><testcase classname="tests.test_plot_write_log_held_out" name="test_aggregate_traces_rejects_token_mismatch" time="0.000" /><testcase classname="tests.test_record_paper_visual_audit" name="test_visual_audit_requires_and_records_every_page" time="0.020" /><testcase classname="tests.test_replacement_question_summary" name="test_negative_uniform_mxfp4_answer" time="0.089" /><testcase classname="tests.test_replacement_question_summary" name="test_verified_native_failure_is_included_in_answer" time="0.082" /><testcase classname="tests.test_replacement_question_summary" name="test_corrected_candidate_is_reported_separately_from_uniform_answer" time="0.092" /><testcase classname="tests.test_replacement_question_summary" name="test_replayed_extended_metrics_are_preserved_in_summary" time="0.091" /><testcase classname="tests.test_reports.TestReports" name="test_current_hls_cosim_report_passes_when_present" time="0.001"><skipped type="pytest.skip" message="HLS cosim report predates current HLS sources">C:\Users\tyboy\OneDrive\Documents\mxfp4 improve\FPT26_data_review\tests\test_reports.py:106: HLS cosim report predates current HLS sources</skipped></testcase><testcase classname="tests.test_reports.TestReports" name="test_current_vivado_reports_meet_phase5_thresholds_when_present" time="0.002" /><testcase classname="tests.test_reports.TestReports" name="test_parse_hls_cosim_report" time="0.000" /><testcase classname="tests.test_reports.TestReports" name="test_parse_hls_latency_rb" time="0.000" /><testcase classname="tests.test_reports.TestReports" name="test_parse_one_transaction_hls_cosim_report" time="0.000" /><testcase classname="tests.test_reports.TestReports" name="test_parse_timing_wns" time="0.000" /><testcase classname="tests.test_reports.TestReports" name="test_parse_total_power" time="0.000" /><testcase classname="tests.test_reports.TestReports" name="test_parse_utilization_percentages" time="0.000" /><testcase classname="tests.test_reports.TestReports" name="test_parse_vivado_pipe_power" time="0.000" /><testcase classname="tests.test_reports.TestReports" name="test_parse_vivado_pipe_utilization" time="0.000" /><testcase classname="tests.test_reports.TestReports" name="test_parse_vivado_timing_worst_slack" time="0.000" /><testcase classname="tests.test_repository_safety" name="test_clean_target_preserves_corrected_evidence" time="0.000" /><testcase classname="tests.test_repository_safety" name="test_ci_uses_tests_and_authoritative_completion_gate" time="0.000" /><testcase classname="tests.test_reviewer_traceability" name="test_authoritative_reviewer_ledger_is_complete_and_frozen" time="0.001" /><testcase classname="tests.test_reviewer_traceability" name="test_reviewer_rows_remain_unpromoted_without_final_pdf" time="0.000" /><testcase classname="tests.test_reviewer_traceability_status" name="test_current_traceability_is_not_run_without_audited_pdf" time="0.003" /><testcase classname="tests.test_reviewer_traceability_status" name="test_traceability_failure_is_not_hidden_by_not_run_rows" time="0.004" /><testcase classname="tests.test_run_e2m0_residual_matrix" name="test_registration_source_hashes_are_frozen_and_current" time="0.001" /><testcase classname="tests.test_run_e2m0_residual_matrix" name="test_preregistered_matrix_shapes_are_exact" time="0.000" /><testcase classname="tests.test_run_e2m0_residual_matrix" name="test_held_out_is_blocked_before_development_manifests_exist" time="0.001" /><testcase classname="tests.test_scale_policy_ablation.TestScalePolicyAblation" name="test_all_frozen_policies_emit_every_token_and_checkpoint" time="0.017" /><testcase classname="tests.test_scale_policy_ablation.TestScalePolicyAblation" name="test_every_token_policy_matches_main_long_trace_metrics" time="0.015" /><testcase classname="tests.test_scale_policy_ablation.TestScalePolicyAblation" name="test_outputs_and_manifest_are_hashed" time="0.336" /><testcase classname="tests.test_state_capacity_lower_bound" name="test_all_layer_capacity_lower_bound" time="0.563" /><testcase classname="tests.test_synthetic_trace_protocol" name="test_synthetic_trace_protocol_matches_executed_generators" time="0.001" /><testcase classname="tests.test_synthetic_trace_protocol" name="test_synthetic_trace_protocol_matches_supplemental_stress_transforms" time="0.001" /><testcase classname="tests.test_synthetic_trace_protocol" name="test_synthetic_trace_protocol_matches_zero_initial_state" time="0.001" /><testcase classname="tests.test_synthetic_trace_protocol" name="test_synthetic_trace_protocol_matches_relative_l2_floor" time="0.000" /><testcase classname="tests.test_synthetic_trace_protocol" name="test_synthetic_trace_protocol_matches_flattening_and_zero_norm_rules" time="0.000" /><testcase classname="tests.test_tradeoff_evidence_figure" name="test_tradeoff_figure_preserves_evidence_levels_and_missing_points" time="0.085" /><testcase classname="tests.test_vectors.TestVectors" name="test_generated_outputs_match_golden" time="0.001" /><testcase classname="tests.test_vectors.TestVectors" name="test_synthetic_vectors_are_deterministic" time="0.001" /><testcase classname="tests.test_vectors.TestVectors" name="test_vector_round_trip_and_manifest" time="0.007" /><testcase classname="tests.test_venue_requirements" name="test_fpt_source_is_anonymous_ieee_us_letter_candidate" time="0.001" /><testcase classname="tests.test_verify_e2m0_residual_matrix" name="test_real_preregistered_e2m0_matrices_verify" time="0.984" /><testcase classname="tests.test_verify_synthetic_stability" name="test_threshold_pass_requires_both_metrics" time="0.000" /><testcase classname="tests.test_verify_synthetic_stability" name="test_threshold_fails_cosine_or_state" time="0.000" /><testcase classname="tests.test_verify_synthetic_stability" name="test_canonical_floating_trace_diagnostic_crossings" time="0.153" /><testcase classname="tests.test_verify_vectorized_encoded_oracle" name="test_vectorized_encoded_oracle_report_passes" time="0.001" /><testcase classname="tests.test_write_log_stability.TestWriteLogStability" name="test_adaptive_run_is_labeled_and_respects_capacity" time="0.013" /><testcase classname="tests.test_write_log_stability.TestWriteLogStability" name="test_capacity_controls_fold_schedule" time="0.012" /><testcase classname="tests.test_write_log_stability.TestWriteLogStability" name="test_logical_storage_increases_with_capacity" time="0.000" /><testcase classname="tests.test_write_log_stability.TestWriteLogStability" name="test_outputs_manifest_and_report_are_written" time="0.026" /><testcase classname="tests.test_write_log_stability.TestWriteLogStability" name="test_residual_stack_run_is_labeled_and_deterministic" time="0.012" /><testcase classname="tests.test_write_log_stability.TestWriteLogStability" name="test_trace_is_deterministic_prefix_stable_and_no_drop" time="0.028" /><testcase classname="tests.test_write_log_stability.TestWriteLogStability" name="test_zero_state_and_new_trace_families_are_deterministic" time="0.017" /></testsuite></testsuites>